<?xml version="1.0" encoding="UTF-8"?>
<!-- Generated by org.testng.reporters.JUnitReportReporter -->
<testsuite hostname="DESKTOP-U1VNJ3I" failures="0" tests="1" name="com.ab.FramWorkPractice.SearchFlightTest" time="62.280" errors="0" timestamp="2023-05-09T20:13:17 IST" skipped="0">
  <testcase classname="com.ab.FramWorkPractice.SearchFlightTest" name="test1" time="62.280"/>
  <system-out/>
</testsuite> <!-- com.ab.FramWorkPractice.SearchFlightTest -->
