<?xml version="1.0" encoding="UTF-8"?>
<!-- Generated by org.testng.reporters.JUnitReportReporter -->
<testsuite hostname="DESKTOP-U1VNJ3I" failures="0" tests="1" name="com.ab.testLayer.SearchFlightTest" time="44.389" errors="0" timestamp="2023-05-09T20:28:29 IST" skipped="0">
  <testcase classname="com.ab.testLayer.SearchFlightTest" name="test1" time="44.389"/>
  <system-out/>
</testsuite> <!-- com.ab.testLayer.SearchFlightTest -->
